packet num: 45
x: 1431
y: 1782
z: 1490
packet num: 46
x: 1473
y: 1726
z: 1375

acket num: 47
x: 1443
y: 1848
z: 1487
packet num: 52
x: 1426
y: 1812
z: 1408
packet num: 53
x: 1385
y: 1786
z: 1418
packet num: 54
x: 1544
y: 1848
z: 1419
packet num: 55
x: 1382
y: 1652
z: 1478
packet num: 56
x: 1497
y: 1572
z: 1416
packet num: 57
x: 1553
y: 1409
z: 1286
packet num: 58
x: 1588
y: 1375
z: 1547
packet num: 59
x: 1560
y: 1396
z: 1456
packet num: 60
x: 1526
y: 1499
z: 1384
packet num: 61
x: 1448
y: 1547
z: 1395
packet num: 62
x: 1489
y: 1606
z: 1392
packet num: 63
x: 1505
y: 1568
z: 1348
packet num: 64
x: 1503
y: 1596
z: 1350
packet num: 65
x: 1326
y: 1703
z: 1506
packet num: 66
x: 1461
y: 1693
z: 1386
packet num: 67
x: 1475
y: 1602
z: 1381
packet num: 68
x: 1469
y: 1660
z: 1378
packet num: 69
x: 1454
y: 1660
z: 1335
packet num: 70
x: 1358
y: 1754
z: 1296
packet num: 71
x: 1423
y: 1644
z: 1353
packet num: 72
x: 1432
y: 1707
z: 1404
packet num: 73
x: 1395
y: 1577
z: 1384
packet num: 74
x: 1411
y: 1373
z: 1467
packet num: 75
x: 1458
y: 1476
z: 1469
packet num: 76
x: 1470
y: 1377
z: 1565
packet num: 77
x: 1381
y: 1357
z: 1572
packet num: 78
x: 1335
y: 1544
z: 1491
packet num: 79
x: 1373
y: 1561
z: 1449
packet num: 80
x: 1303
y: 1803
z: 1397
packet num: 81
x: 1374
y: 1484
z: 1524
packet num: 82
x: 1403
y: 1807
z: 1467
packet num: 83
x: 1490
y: 1705
z: 1483
packet num: 84
x: 1630
y: -23039
z: 1143
packet num: 85
x: 1441
y: 1666
z: 1491
packet num: 86
x: 1467
y: 1761
z: 1418
packet num: 87
x: 1404
y: 1768
z: 1381
packet num: 88
x: 1381
y: 1788
z: 1594
packet num: 89
x: 1815
y: 1584
z: 1467
packet num: 90
x: 1327
y: 2075
z: 1404
packet num: 91
x: 1438
y: 1819
z: 1638
packet num: 92
x: 1374
y: 1784
z: 1447
packet num: 93
x: 1385
y: 1895
z: 1638
packet num: 94
x: 1515
y: 1858
z: 1416
packet num: 95
x: 1443
y: 1754
z: 1404
packet num: 96
x: 1170
y: 1759
z: 1427
packet num: 97
x: 1503
y: 1817
z: 1412
packet num: 98
x: 1490
y: 1839
z: 1433
packet num: 99
x: 1426
y: 1767
z: 1426
packet num: 100
x: 1431
y: 1767
z: 1426
packet num: 101
x: -31429
y: -14626
z: 3218
packet num: 101
x: -31429
y: -14626
z: 3218
packet num: 103
x: 1251
y: 2267
z: 1348
packet num: 104
x: 881
y: 2267
z: 1157
packet num: 105
x: 1564
y: 1789
z: 1563
packet num: 106
x: 1353
y: 176
z: 1725
packet num: 107
x: 17956
y: 1610
z: 1796
packet num: 76
x: 1546
y: 2028
z: 1370
packet num: 109
x: 1260
y: 1852
z: 1529
packet num: 110
x: 1447
y: 1847
z: 1421
packet num: 111
x: 1546
y: 1446
z: 1612
packet num: 112
x: 1818
y: 1576
z: 2136
packet num: 113
x: 1581
y: 2017
z: 1435
packet num: 114
x: 1418
y: 1996
z: 1555
packet num: 115
x: 1452
y: 1806
z: 1531
packet num: 116
x: 1311
y: 1866
z: 1384
packet num: 118
x: 1593
y: 1469
z: 1453
packet num: 119
x: 1148
y: 1730
z: 1840
packet num: 120
x: 1403
y: 1813
z: 1597
packet num: 121
x: 1733
y: 1582
z: 1501
packet num: 122
x: 1451
y: 1804
z: 1789
packet num: 123
x: 1425
y: 1688
z: 1532
packet num: 124
x: 1331
y: 1584
z: 1790
packet num: 125
x: 1136
y: 2159
z: 1576
packet num: 126
x: 1508
y: 1754
z: 1690
packet num: 127
x: 1454
y: 1868
z: 1772
packet num: 128
x: 1064
y: 2154
z: 1725
packet num: 129
x: 1372
y: 1928
z: 2673
packet num: 130
x: 1677
y: 1779
z: 1698
packet num: 131
x: 17541
y: 1944
z: 9935
packet num: 132
x: 1743
y: 2083
z: 1692
packet num: 133
x: 1685
y: 1533
z: 1984
packet num: 134
x: 1430
y: 1621
z: 1697
packet num: 135
x: 1374
y: 1801
z: 1717
packet num: 136
x: 1779
y: 1694
z: 1695
packet num: 137
x: 1362
y: 1719
z: 1613
packet num: 138
x: 1404
y: 1793
z: 1868
packet num: 139
x: 1330
y: 2085
z: 1647
packet num: 140
x: 1840
y: 899
z: 2927
packet num: 141
x: 1374
y: 1753
z: 1700
packet num: 142
x: 1379
y: 1829
z: 1723
packet num: 143
x: 1335
y: 1548
z: 1919
packet num: 144
x: 1222
y: 1608
z: 2036
packet num: 145
x: 1425
y: 2051
z: 1798
packet num: 146
x: 1349
y: 1806
z: 1570
packet num: 147
x: 1411
y: 1497
z: 1451
packet num: 148
x: 1418
y: 1578
z: 1903
packet num: 149
x: 1211
y: 1344
z: 1876
packet num: 150
x: 1346
y: 1821
z: 1757
packet num: 151
x: 1313
y: 1725
z: 1799
packet num: 152
x: 1291
y: 1584
z: 1677
packet num: 153
x: 1253
y: 1560
z: 1575
packet num: 154
x: 1209
y: 1593
z: 1572
packet num: 155
x: 1553
y: 1375
z: 1865
packet num: 156
x: 1270
y: 1619
z: 1741
packet num: 157
x: 1251
y: 1702
z: 1535
packet num: 158
x: 1368
y: 1640
z: 1586
packet num: 159
x: 1362
y: 1741
z: 1590
packet num: 160
x: 1359
y: 1891
z: 1581
packet num: 161
x: 1286
y: 1708
z: 1486
packet num: 162
x: 1214
y: 1633
z: 1515
packet num: 163
x: 1355
y: 1592
z: 1450
packet num: 164
x: 1355
y: 1553
z: 1416
packet num: 165
x: 1432
y: 1511
z: 1369
packet num: 166
x: 1401
y: 1577
z: 1384
packet num: 167
x: 1447
y: 1585
z: 1344
packet num: 168
x: 1726
y: 1362
z: 1398
packet num: 169
x: 1891
y: 1521
z: 1674
packet num: 170
x: 1758
y: 1368
z: 1791
packet num: 171
x: 1826
y: 1387
z: 1672
packet num: 172
x: 1799
y: 1434
z: 1664
packet num: 173
x: 1961
y: 1797
z: 1597
packet num: 174
x: 1916
y: 1569
z: 1573
packet num: 175
x: 1360
y: 1379
z: 1713
packet num: 0
x: 1281
y: 1423
z: 1561
packet num: 0
x: 1356
y: 1509
z: 1609
packet num: 0
x: 1408
y: 1621
z: 1870
packet num: 0
x: 1408
y: 1625
z: 1890
packet num: 0
x: 1325
y: 1558
z: 1642
packet num: 0
x: 1576
y: 1319
z: 1748
packet num: 0
x: 1585
y: 1423
z: 1725
packet num: 0
x: 1338
y: 1672
z: 1597
packet num: 0
x: 1411
y: 1765
z: 1699
packet num: 0
x: 1603
y: 2396
z: 3221
packet num: 0
x: 1505
y: 1815
z: 1444
packet num: 1
x: 1561
y: 1891
z: 1438
packet num: 2
x: 1642
y: 1899
z: 1442
packet num: 3
x: 1661
y: 1875
z: 1510
packet num: 4
x: 1383
y: 1709
z: 1487
packet num: 5
x: 1442
y: 1807
z: 1451
packet num: 6
x: 1386
y: 1721
z: 1586
packet num: 7
x: 1374
y: 1693
z: 1606
packet num: 8
x: 1327
y: 1669
z: 1750
packet num: 9
x: 1388
y: 1646
z: 1625
packet num: 10
x: 1339
y: 1573
z: 1578
packet num: 11
x: 1353
y: 1486
z: 1703
packet num: 12
x: 1375
y: 1449
z: 1675
packet num: 13
x: 1351
y: 1550
z: 1673
packet num: 14
x: 1363
y: 1706
z: 1643
packet num: 15
x: 1846
y: 1527
z: 1854
packet num: 16
x: 1929
y: 1421
z: 1732
packet num: 17
x: 1219
y: 1595
z: 1572
packet num: 18
x: 1305
y: 1677
z: 1575
packet num: 19
x: 1300
y: 1594
z: 1588
packet num: 20
x: 1237
y: 1565
z: 1597
packet num: 21
x: 1389
y: 1574
z: 1587
packet num: 22
x: 1230
y: 1492
z: 1673
packet num: 23
x: 1192
y: 1730
z: 1563
packet num: 24
x: 1301
y: 1546
z: 1481
packet num: 25
x: 1290
y: 1538
z: 1551
packet num: 26
x: 1351
y: 1588
z: 1730
packet num: 27
x: 1298
y: 1632
z: 1615
packet num: 28
x: 1340
y: 1735
z: 1684
packet num: 29
x: 1360
y: 1777
z: 1690
packet num: 30
x: 1315
y: 1696
z: 1551
packet num: 31
x: 1341
y: 1688
z: 1632
packet num: 32
x: 1366
y: 1690
z: 1606
packet num: 33
x: 1295
y: 1669
z: 1646
packet num: 34
x: 1306
y: 1604
z: 1644
packet num: 35
x: 1241
y: 1662
z: 1772
packet num: 36
x: 1703
y: 1311
z: 1669
packet num: 37
x: 1725
y: 1303
z: 1726
packet num: 38
x: 1757
y: 1285
z: 1708
packet num: 39
x: 1757
y: 1337
z: 1677
packet num: 40
x: 1837
y: 1323
z: 1738
packet num: 41
x: 1743
y: 1294
z: 1709
packet num: 42
x: 1767
y: 1311
z: 1752
packet num: 43
x: 1814
y: 1349
z: 1734
packet num: 44
x: 1783
y: 1269
z: 1737
packet num: 45
x: 1814
y: 1373
z: 1639
packet num: 46
x: 1799
y: 1313
z: 1662
packet num: 47
x: 1778
y: 1319
z: 1569
packet num: 48
x: 1384
y: 1463
z: 1673
packet num: 49
x: 1365
y: 1455
z: 1459
packet num: 50
x: 1464
y: 1571
z: 1496
packet num: 51
x: 1613
y: 1610
z: 1367
packet num: 52
x: 1565
y: 1676
z: 1306
packet num: 53
x: 1645
y: 1583
z: 1321
packet num: 54
x: 1437
y: 1429
z: 1502
packet num: 55
x: 1997
y: 1690
z: 1557
packet num: 56
x: 2018
y: 1804
z: 1428
packet num: 57
x: 1938
y: 1686
z: 1494
packet num: 58
x: 1672
y: 1438
z: 1319
packet num: 59
x: 1376
y: 1479
z: 1603
packet num: 60
x: 1494
y: 1516
z: 1368
packet num: 61
x: 1453
y: 1574
z: 1202
packet num: 62
x: 1546
y: 1456
z: 1459
packet num: 63
x: 1632
y: 1629
z: 1320
packet num: 64
x: 1539
y: 1430
z: 1395
packet num: 65
x: 1519
y: 1303
z: 1532
packet num: 66
x: 1515
y: 1392
z: 1417
packet num: 67
x: 1493
y: 1379
z: 1395
packet num: 68
x: 1692
y: 1442
z: 1302
packet num: 69
x: 1642
y: 1363
z: 1407
packet num: 70
x: 1690
y: 1479
z: 1411
packet num: 71
x: 1526
y: 1418
z: 1419
packet num: 72
x: 1539
y: 1360
z: 1471
packet num: 73
x: 1522
y: 1362
z: 1483
packet num: 74
x: 1495
y: 1359
z: 1458
packet num: 75
x: 1503
y: 1348
z: 1480
packet num: 76
x: 1526
y: 1360
z: 1486
packet num: 77
x: 1492
y: 1394
z: 1474
packet num: 78
x: 1542
y: 1324
z: 1539
packet num: 79
x: 1551
y: 1314
z: 1572
packet num: 80
x: 1573
y: 1315
z: 1587
packet num: 81
x: 1615
y: 1306
z: 1608
packet num: 82
x: 1523
y: 1329
z: 1558
packet num: 83
x: 1561
y: 1295
z: 1587
packet num: 84
x: 1585
y: 1287
z: 1594
packet num: 85
x: 1558
y: 1301
z: 1583
packet num: 86
x: 1561
y: 1301
z: 1601
packet num: 87
x: 1542
y: 1293
z: 1583
packet num: 88
x: 1531
y: 1310
z: 1740
packet num: 89
x: 1589
y: 1248
z: 1776
packet num: 90
x: 1549
y: 1292
z: 1723
packet num: 91
x: 1461
y: 1331
z: 1713
packet num: 92
x: 1424
y: 1354
z: 1711
packet num: 93
x: 1475
y: 1355
z: 1675
packet num: 94
x: 1443
y: 1363
z: 1642
packet num: 95
x: 1438
y: 1361
z: 1650
packet num: 96
x: 1412
y: 1413
z: 1663
packet num: 97
x: 1459
y: 1382
z: 1733
packet num: 98
x: 1456
y: 1376
z: 1734
packet num: 99
x: 1847
y: 1519
z: 1558
packet num: 100
x: 1979
y: 1670
z: 1699
packet num: 101
x: 1922
y: 1533
z: 1862
packet num: 102
x: 1770
y: 1526
z: 1870
packet num: 103
x: 1846
y: 1521
z: 1787
packet num: 0
x: 1883
y: 1789
z: 1776
packet num: 1
x: 1737
y: 1918
z: 1813
packet num: 2
x: 1707
y: 1917
z: 1766
packet num: 3
x: 1682
y: 1924
z: 1727
packet num: 4
x: 1780
y: 1805
z: 1780
packet num: 5
x: 1880
y: 1609
z: 1702
packet num: 6
x: 1934
y: 1624
z: 1787
packet num: 7
x: 1929
y: 1587
z: 1789
packet num: 8
x: 1955
y: 1588
z: 1772
packet num: 9
x: 1943
y: 1576
z: 1788
packet num: 10
x: 1812
y: 1552
z: 1703
packet num: 11
x: 1939
y: 1642
z: 1750
packet num: 12
x: 1989
y: 1777
z: 1686
packet num: 13
x: 2001
y: 1635
z: 1729
packet num: 14
x: 1922
y: 1647
z: 1644
packet num: 15
x: 1972
y: 1647
z: 1534
packet num: 16
x: 1930
y: 1667
z: 1718
packet num: 17
x: 1988
y: 1662
z: 1645
packet num: 18
x: 1620
y: 1375
z: 1651
packet num: 19
x: 1326
y: 1533
z: 1730
packet num: 20
x: 1400
y: 1587
z: 1333
packet num: 21
x: 1547
y: 1273
z: 1738
packet num: 22
x: 1286
y: 1160
z: 1622
packet num: 23
x: 1776
y: 1225
z: 1693
packet num: 24
x: 1848
y: 1295
z: 1883
packet num: 25
x: 1891
y: 1450
z: 1743
packet num: 26
x: 2448
y: 1841
z: 2622
packet num: 27
x: 1713
y: 1575
z: 1570
packet num: 28
x: 1920
y: 1439
z: 1347
packet num: 29
x: 1747
y: 1289
z: 1381
packet num: 30
x: 1623
y: 1312
z: 1754
packet num: 31
x: 1716
y: 1293
z: 1772
packet num: 32
x: 1733
y: 1329
z: 1767
packet num: 33
x: 1726
y: 1334
z: 1761
packet num: 34
x: 1708
y: 1347
z: 1792
packet num: 35
x: 1763
y: 1442
z: 1951
packet num: 36
x: 1661
y: 1428
z: 1981
packet num: 37
x: 1708
y: 1401
z: 1870
packet num: 38
x: 1704
y: 1382
z: 1885
packet num: 39
x: 1715
y: 1397
z: 1889
packet num: 40
x: 2040
y: 1637
z: 1714
packet num: 41
x: 1753
y: 1334
z: 1750
packet num: 42
x: 1727
y: 1365
z: 1800
packet num: 43
x: 1779
y: 1479
z: 1660
packet num: 44
x: 768
y: 1710
z: 1432
packet num: 45
x: 1192
y: 1669
z: 1144
packet num: 46
x: 1845
y: 1624
z: 1445
packet num: 47
x: 1665
y: 1781
z: 1503
packet num: 48
x: 1618
y: 1463
z: 1954
packet num: 49
x: 1482
y: 2380
z: 1638
packet num: 50
x: 1133
y: 1681
z: 2566
packet num: 51
x: 1445
y: 2499
z: 1478
packet num: 52
x: 1504
y: 1594
z: 1611
packet num: 53
x: 1683
y: 1923
z: 1767
packet num: 54
x: 1349
y: 2073
z: 1309
packet num: 55
x: 1253
y: 1823
z: 1531
packet num: 56
x: 1574
y: 1976
z: 1696
packet num: 57
x: 1279
y: 2114
z: 1674
packet num: 58
x: 1577
y: 1799
z: 1625
packet num: 59
x: 761
y: 2125
z: 1429
packet num: 60
x: 576
y: 2435
z: 995
packet num: 61
x: 1388
y: 1910
z: 852
packet num: 62
x: 1517
y: 1631
z: 1841
packet num: 63
x: 1449
y: 1643
z: 1777
packet num: 64
x: 1379
y: 1750
z: 1643
packet num: 65
x: 1364
y: 1750
z: 1670
packet num: 66
x: 1277
y: 1575
z: 1661
packet num: 67
x: 894
y: 2025
z: 1856
packet num: 68
x: 1591
y: 1700
z: 1610
packet num: 69
x: 1882
y: 1720
z: 1995
packet num: 70
x: 1237
y: 1670
z: 1579
packet num: 71
x: 1497
y: 1578
z: 1596
packet num: 72
x: 1598
y: 1492
z: 1702
packet num: 73
x: 1543
y: 1642
z: 1599
packet num: 74
x: 1449
y: 2356
z: 1517
packet num: 75
x: 1589
y: 2184
z: 1967
packet num: 76
x: 1581
y: 1517
z: 1629
packet num: 77
x: 1435
y: 1659
z: 1664
packet num: 78
x: 1414
y: 1403
z: 1672
packet num: 79
x: 1105
y: 1752
z: 1543
packet num: 80
x: 1467
y: 1643
z: 1737
packet num: 81
x: 1313
y: 1732
z: 1701
packet num: 82
x: 1361
y: 1712
z: 1698
packet num: 83
x: 1333
y: 1705
z: 1442
packet num: 84
x: 521
y: 1481
z: 1274
packet num: 85
x: 2198
y: 2040
z: 1308
packet num: 86
x: 1114
y: 1946
z: 1369
packet num: 87
x: 1835
y: 1698
z: 1878
packet num: 88
x: 1247
y: 1664
z: 1429
packet num: 89
x: 1234
y: 1636
z: 1716
packet num: 90
x: 1241
y: 1819
z: 1633
packet num: 91
x: 1840
y: 1768
z: 1700
packet num: 92
x: 1716
y: 2137
z: 1954
packet num: 93
x: 839
y: 2381
z: 887
packet num: 94
x: 2054
y: 1805
z: 1771
packet num: 95
x: 1397
y: 1617
z: 2228
packet num: 96
x: 1461
y: 1551
z: 1555
packet num: 97
x: 1389
y: 1828
z: 1571
packet num: 98
x: 1106
y: 2065
z: 1347
packet num: 99
x: 1310
y: 2051
z: 1805
packet num: 100
x: 727
y: 1840
z: 2109
packet num: 101
x: 1333
y: 1612
z: 1967
packet num: 102
x: 1011
y: 2632
z: 1800
packet num: 103
x: 1432
y: 1693
z: 1600
packet num: 104
x: 1655
y: 1771
z: 1640
packet num: 105
x: 1299
y: 1748
z: 1600
packet num: 102
x: 1651
y: 1821
z: 1474
packet num: 107
x: 1456
y: 1689
z: 1588
packet num: 108
x: 1502
y: 1729
z: 1791
packet num: 109
x: 1728
y: 1703
z: 1883
packet num: 0
x: 1936
y: 1751
z: 1741
packet num: 1
x: 1903
y: 1697
z: 1819
packet num: 2
x: 1925
y: 1713
z: 1950
packet num: 3
x: 1922
y: 1722
z: 1814
packet num: 4
x: 1997
y: 1673
z: 1694
packet num: 5
x: 1870
y: 1480
z: 1848
packet num: 6
x: 1762
y: 1544
z: 1935
packet num: 7
x: 1558
y: 1492
z: 1868
packet num: 8
x: 1932
y: 1714
z: 1942
packet num: 9
x: 1787
y: 1799
z: 1931
packet num: 10
x: 1343
y: 1784
z: 1771
packet num: 11
x: 1533
y: 2013
z: 1631
packet num: 12
x: 1435
y: 1784
z: 1751
packet num: 13
x: 1089
y: 944
z: 2059
packet num: 14
x: 1813
y: 1454
z: 1451
packet num: 15
x: 1875
y: 1756
z: 1506
packet num: 16
x: 1771
y: 1903
z: 1530
packet num: 17
x: 1711
y: 1914
z: 1518
packet num: 18
x: 1625
y: 1896
z: 1857
packet num: 19
x: 1917
y: 1971
z: 1984
packet num: 20
x: 1673
y: 1905
z: 1692
packet num: 21
x: 1591
y: 1932
z: 1637
packet num: 22
x: 1449
y: 1986
z: 1699
packet num: 23
x: 1697
y: 1761
z: 1570
packet num: 24
x: 1567
y: 1855
z: 1624
packet num: 25
x: 1659
y: 1893
z: 1503
packet num: 26
x: 1039
y: 1898
z: 1647
packet num: 27
x: 1160
y: 1804
z: 1840
packet num: 28
x: 1444
y: 1809
z: 1787
packet num: 29
x: 1419
y: 1998
z: 1573
packet num: 30
x: 1537
y: 1906
z: 1867
packet num: 31
x: 1443
y: 1861
z: 1792
packet num: 32
x: 1442
y: 2044
z: 1798
packet num: 33
x: 1313
y: 2176
z: 1608
packet num: 34
x: 1705
y: 1860
z: 1695
packet num: 35
x: 1317
y: 2170
z: 1749
packet num: 36
x: 1841
y: 1857
z: 1661
packet num: 37
x: 1376
y: 1847
z: 1699
packet num: 38
x: 288
y: 2173
z: 1398
packet num: 39
x: 1612
y: 1637
z: 1408
packet num: 40
x: 1554
y: 1682
z: 1727
packet num: 41
x: 1767
y: 1716
z: 1627
packet num: 42
x: 819
y: 1975
z: 1632
packet num: 43
x: 1587
y: 1804
z: 1533
packet num: 44
x: 1549
y: 2294
z: 1827
packet num: 45
x: 1445
y: 1759
z: 1718
packet num: 46
x: 1488
y: 1810
z: 1593
packet num: 47
x: 1550
y: 1854
z: 1579
packet num: 48
x: 1412
y: 1784
z: 1633
packet num: 49
x: 1496
y: 1930
z: 1557
packet num: 50
x: 1511
y: 1840
z: 1609
packet num: 51
x: 1478
y: 2032
z: 1637
packet num: 52
x: 1535
y: 1891
z: 1492
packet num: 53
x: 1457
y: 1869
z: 1786
packet num: 54
x: 1372
y: 2048
z: 1549
packet num: 55
x: 1417
y: 1997
z: 1629
packet num: 56
x: 1282
y: 1833
z: 1742
packet num: 57
x: 1496
y: 1761
z: 1910
packet num: 58
x: 1491
y: 1661
z: 1773
packet num: 59
x: 1412
y: 2014
z: 1324
packet num: 60
x: 1543
y: 1757
z: 1654
packet num: 61
x: 1521
y: 1788
z: 1574
packet num: 62
x: 1486
y: 1803
z: 1563
packet num: 63
x: 1382
y: 2142
z: 1526
packet num: 64
x: 1411
y: 1786
z: 1611
packet num: 65
x: 1454
y: 1814
z: 1505
packet num: 66
x: 1401
y: 1677
z: 1605
packet num: 67
x: 1628
y: 1906
z: 1511
packet num: 68
x: 1463
y: 1806
z: 1447
packet num: 69
x: 1480
y: 1827
z: 1499
packet num: 70
x: 1457
y: 1807
z: 1490
packet num: 71
x: 1485
y: 1836
z: 1518
packet num: 72
x: 1527
y: 1837
z: 1492
packet num: 73
x: 1499
y: 1825
z: 1456
packet num: 74
x: 1520
y: 1917
z: 1546
packet num: 75
x: 1427
y: 1594
z: 1359
packet num: 76
x: 1380
y: 1709
z: 1448
packet num: 77
x: 1749
y: 1730
z: 1683
packet num: 78
x: 822
y: 1809
z: 1148
packet num: 79
x: 1817
y: 2348
z: 1338
packet num: 80
x: 1357
y: 1669
z: 2111
packet num: 81
x: 1049
y: 2190
z: 1426
packet num: 82
x: 1344
y: 1950
z: 1536
packet num: 83
x: 1665
y: 1592
z: 1615
packet num: 84
x: 90
y: 2721
z: 997
packet num: 85
x: 672
y: 1827
z: 1828
packet num: 86
x: 1236
y: 1762
z: 1728
packet num: 87
x: 1679
y: 1800
z: 1568
packet num: 88
x: 541
y: 2087
z: 1584
packet num: 89
x: 1750
y: 1869
z: 1526
packet num: 90
x: 1612
y: 1678
z: 1622
packet num: 91
x: 1703
y: 1668
z: 1749
packet num: 92
x: 1459
y: 2100
z: 1579
packet num: 93
x: 1587
y: 1772
z: 1680
packet num: 94
x: 1350
y: 1849
z: 1488
packet num: 95
x: 1100
y: 2809
z: 124
packet num: 96
x: 1570
y: 2246
z: 2187
packet num: 97
x: 1815
y: 1807
z: 1613
packet num: 98
x: 1781
y: 2230
z: 1814
packet num: 99
x: 1877
y: 2422
z: 1854
packet num: 100
x: 1209
y: 2751
z: 1305
packet num: 101
x: 1652
y: 1710
z: 1835
packet num: 102
x: 1688
y: 1989
z: 1611
packet num: 103
x: 1892
y: 1671
z: 1672
packet num: 104
x: 1489
y: 1351
z: 1451
packet num: 105
x: 1178
y: 2739
z: 1645
packet num: 106
x: 1560
y: 1567
z: 1469
packet num: 107
x: 2322
y: 3229
z: 2304
packet num: 108
x: 1838
y: 1746
z: 1528
packet num: 109
x: 1569
y: 1966
z: 2039
packet num: 110
x: 1594
y: 1849
z: 1658
packet num: 111
x: 1182
y: 1586
z: 1422
packet num: 112
x: 1722
y: 2023
z: 1729
packet num: 113
x: 1601
y: 1905
z: 1665
packet num: 114
x: 1660
y: 1852
z: 1607
packet num: 115
x: 1701
y: 1972
z: 1700
packet num: 116
x: 1647
y: 2007
z: 1772
packet num: 117
x: 1664
y: 1839
z: 1496
packet num: 118
x: 1718
y: 1810
z: 1576
packet num: 0
x: 1883
y: 1943
z: 1616
packet num: 1
x: 1887
y: 1964
z: 1688
packet num: 2
x: 1781
y: 1933
z: 1623
packet num: 3
x: 1768
y: 1869
z: 1610
packet num: 4
x: 1751
y: 1885
z: 1601
packet num: 5
x: 1755
y: 1905
z: 1579
packet num: 6
x: 1894
y: 1892
z: 1727
packet num: 7
x: 1583
y: 2012
z: 1726
packet num: 8
x: 1647
y: 1891
z: 1713
packet num: 9
x: 1552
y: 1829
z: 1672
packet num: 10
x: 1747
y: 1899
z: 1721
packet num: 11
x: 1564
y: 2123
z: 1679
packet num: 12
x: 1540
y: 1905
z: 1432
packet num: 13
x: 1596
y: 1796
z: 1561
packet num: 14
x: 1491
y: 2037
z: 1641
packet num: 15
x: 1892
y: 1844
z: 1464
packet num: 16
x: 1821
y: 1939
z: 1557
packet num: 17
x: 1698
y: 1745
z: 1611
packet num: 18
x: 1781
y: 1956
z: 1713
packet num: 19
x: 1677
y: 1913
z: 1636
packet num: 20
x: 1697
y: 1912
z: 1607
packet num: 21
x: 1763
y: 1930
z: 1625
packet num: 22
x: 1518
y: 2035
z: 1578
packet num: 23
x: 1724
y: 1822
z: 1561
packet num: 24
x: 1714
y: 1864
z: 1504
packet num: 25
x: 1719
y: 1876
z: 1488
packet num: 26
x: 1758
y: 1877
z: 1509
packet num: 27
x: 1703
y: 1936
z: 1510
packet num: 28
x: 1714
y: 1906
z: 1511
packet num: 29
x: 1682
y: 1900
z: 1529
packet num: 30
x: 1726
y: 1905
z: 1531
packet num: 31
x: 1729
y: 1907
z: 1490
packet num: 32
x: 1723
y: 1805
z: 1647
packet num: 33
x: 2611
y: 2755
z: 595
packet num: 34
x: 532
y: 3233
z: 1637
packet num: 35
x: 1637
y: 1758
z: 1621
packet num: 36
x: 2014
y: 1601
z: 1356
packet num: 37
x: 1497
y: 2608
z: 1792
packet num: 38
x: 1716
y: 1916
z: 1619
packet num: 39
x: 1730
y: 1912
z: 1694
packet num: 40
x: 1498
y: 1872
z: 1640
packet num: 41
x: 1935
y: 1669
z: 1607
packet num: 42
x: 1339
y: 2036
z: 1551
packet num: 43
x: 1650
y: 2022
z: 1695
packet num: 44
x: 1569
y: 1930
z: 1656
packet num: 45
x: 1569
y: 2001
z: 1673
packet num: 46
x: 1604
y: 1956
z: 1626
packet num: 47
x: 1535
y: 1830
z: 1831
packet num: 48
x: 1603
y: 1863
z: 1841
packet num: 49
x: 1430
y: 1867
z: 1573
packet num: 50
x: 1630
y: 1899
z: 1576
packet num: 51
x: 1665
y: 1895
z: 1577
packet num: 52
x: 1856
y: 1940
z: 1752
packet num: 53
x: 1704
y: 1940
z: 1636
packet num: 54
x: 1584
y: 1953
z: 1780
packet num: 55
x: 1659
y: 1922
z: 1656
packet num: 56
x: 1411
y: 1920
z: 1781
packet num: 57
x: 1579
y: 1907
z: 1711
packet num: 58
x: 1595
y: 1885
z: 1551
packet num: 59
x: 1571
y: 1947
z: 1599
packet num: 60
x: 1580
y: 1912
z: 1627
packet num: 61
x: 1361
y: 1835
z: 1527
packet num: 62
x: 47
y: 1970
z: 1577
packet num: 63
x: 12799
y: 2284
z: 1974
packet num: 64
x: 1255
y: 1904
z: 1590
packet num: 65
x: 1605
y: 1750
z: 1597
packet num: 66
x: 1757
y: 2195
z: 1775
packet num: 67
x: 977
y: 2980
z: 1753
packet num: 67
x: 977
y: 2980
z: 1753
packet num: 67
x: 977
y: 2980
z: 1753
packet num: 69
x: 352
y: 2684
z: 1453
packet num: 70
x: 1581
y: 1797
z: 1743
packet num: 71
x: 1536
y: 1782
z: 1817
packet num: 72
x: 1479
y: 1972
z: 1717
packet num: 73
x: 1540
y: 1852
z: 1654
packet num: 74
x: 1626
y: 1996
z: 1559
packet num: 75
x: 1554
y: 1889
z: 1792
packet num: 76
x: 1418
y: 1873
z: 1828
packet num: 77
x: 1499
y: 1883
z: 1750
packet num: 78
x: 1635
y: 1995
z: 1722
packet num: 79
x: 1560
y: 1900
z: 1617
packet num: 80
x: 1594
y: 1897
z: 1615
packet num: 81
x: 1557
y: 1960
z: 1561
packet num: 82
x: 1631
y: 1885
z: 1750
packet num: 83
x: 1611
y: 2080
z: 1637
packet num: 84
x: 1354
y: 1737
z: 1522
packet num: 85
x: 1463
y: 1508
z: 1430
packet num: 86
x: 1467
y: 2680
z: 1885
packet num: 87
x: 1442
y: 2237
z: 1758
packet num: 88
x: 1694
y: 1811
z: 1565
packet num: 89
x: 802
y: 1783
z: 1728
packet num: 90
x: 1715
y: 2196
z: 1812
packet num: 91
x: 1592
y: 1919
z: 1782
packet num: 92
x: 1775
y: 1663
z: 1481
packet num: 93
x: 1038
y: 1619
z: 2815
packet num: 94
x: 1727
y: 1723
z: 5628
packet num: 95
x: 1016
y: 2228
z: 1603
packet num: 96
x: 1966
y: 1693
z: 1714
packet num: 97
x: 2010
y: 2244
z: 404
packet num: 98
x: 1102
y: 1647
z: 1843
packet num: 99
x: 1503
y: 1776
z: 1635
packet num: 100
x: 1836
y: 1883
z: 1767
packet num: 101
x: 1596
y: 1641
z: 1528
packet num: 102
x: 1603
y: 2014
z: 1477
packet num: 103
x: 1686
y: 2090
z: 1398
packet num: 104
x: 1181
y: 2197
z: 1678
packet num: 105
x: 1630
y: 1591
z: 1550
packet num: 106
x: 789
y: 2348
z: 1977
packet num: 107
x: 1804
y: 1914
z: 1405
packet num: 108
x: 981
y: 2888
z: 1291
packet num: 109
x: 1449
y: 2890
z: 2209
packet num: 110
x: 1326
y: 2213
z: 1499
packet num: 111
x: 1757
y: 1657
z: 1417
packet num: 112
x: 1575
y: 2010
z: 1606
packet num: 113
x: 1619
y: 1794
z: 1655
packet num: 114
x: 1654
y: 1750
z: 1248
packet num: 115
x: 1693
y: 1649
z: 1628
packet num: 116
x: 1695
y: 2094
z: 1787
packet num: 117
x: 1463
y: 1927
z: 1643
packet num: 118
x: 1615
y: 1956
z: 1647
packet num: 119
x: 1716
y: 1837
z: 1656
packet num: 120
x: 1990
y: 2099
z: 2195
packet num: 121
x: 1602
y: 1465
z: 1561
packet num: 122
x: 1629
y: 1926
z: 1423
packet num: 123
x: 1711
y: 1647
z: 1726
packet num: 124
x: 1501
y: 1907
z: 1787
packet num: 125
x: 1466
y: 2142
z: 1723
packet num: 126
x: 471
y: 2723
z: 1471
packet num: 127
x: 1867
y: 1690
z: 1624
packet num: 128
x: 1568
y: 1753
z: 1764
packet num: 129
x: 1214
y: 1719
z: 1565
packet num: 130
x: 1329
y: 2445
z: 717
packet num: 131
x: 1885
y: 2315
z: 2313
packet num: 132
x: 1585
y: 2329
z: 2023
packet num: 133
x: 1544
y: 1867
z: 1715
packet num: 134
x: 1728
y: 1844
z: 1667
packet num: 135
x: 1561
y: 1701
z: 1574
packet num: 0
x: 1890
y: 1799
z: 1571
packet num: 0
x: 1904
y: 1862
z: 1537
packet num: 1
x: 1932
y: 1820
z: 1534
packet num: 2
x: 1790
y: 1832
z: 1539
packet num: 3
x: 1869
y: 1758
z: 1690
packet num: 4
x: 1917
y: 1886
z: 1556
packet num: 5
x: 1607
y: 1876
z: 1682
packet num: 6
x: 1716
y: 1889
z: 1721
packet num: 7
x: 1587
y: 1840
z: 1839
packet num: 8
x: 1566
y: 1948
z: 1827
packet num: 9
x: 1755
y: 1639
z: 1696
packet num: 10
x: 1669
y: 1788
z: 1719
packet num: 11
x: 1460
y: 1944
z: 1743
packet num: 12
x: 1595
y: 1885
z: 1623
packet num: 13
x: 1663
y: 1910
z: 1571
packet num: 14
x: 1598
y: 1984
z: 1692
packet num: 15
x: 1501
y: 1918
z: 1619
packet num: 16
x: 1672
y: 1921
z: 1623
packet num: 17
x: 1651
y: 1936
z: 1630
packet num: 18
x: 1565
y: 1939
z: 1590
packet num: 19
x: 1627
y: 1985
z: 1582
packet num: 20
x: 1583
y: 1916
z: 1615
packet num: 21
x: 1583
y: 1942
z: 1629
packet num: 22
x: 1546
y: 1875
z: 1590
packet num: 23
x: 1614
y: 1903
z: 1653
packet num: 24
x: 1595
y: 1952
z: 1606
packet num: 25
x: 1615
y: 1923
z: 1545
packet num: 26
x: 1546
y: 1877
z: 1540
packet num: 27
x: 1137
y: 2322
z: 1667
packet num: 28
x: 1994
y: 1681
z: 1638
packet num: 29
x: 1399
y: 1983
z: 2159
packet num: 30
x: 1680
y: 1988
z: 1755
packet num: 31
x: 1471
y: 1873
z: 1862
packet num: 32
x: 1474
y: 1882
z: 1646
packet num: 33
x: 1286
y: 1954
z: 1720
packet num: 34
x: 1489
y: 1729
z: 1734
packet num: 35
x: 1562
y: 2026
z: 1787
packet num: 36
x: 1531
y: 1845
z: 1573
packet num: 37
x: 1400
y: 1929
z: 1573
packet num: 38
x: 1284
y: 2048
z: 1722
packet num: 39
x: 1449
y: 2048
z: 1482
packet num: 40
x: 1553
y: 1900
z: 1574
packet num: 41
x: 1471
y: 1895
z: 1604
packet num: 42
x: 1456
y: 1943
z: 1635
packet num: 43
x: 1539
y: 1937
z: 1663
packet num: 44
x: 1568
y: 1951
z: 1621
packet num: 45
x: 1668
y: 1936
z: 1618
packet num: 46
x: 1631
y: 1803
z: 1762
packet num: 47
x: 2099
y: 2041
z: 2175
packet num: 48
x: 1313
y: 1696
z: 1496
packet num: 49
x: 1549
y: 1926
z: 1660
packet num: 50
x: 1547
y: 1952
z: 1631
packet num: 51
x: 1553
y: 1931
z: 1651
packet num: 52
x: 2653
y: 2401
z: 1522
packet num: 53
x: 1520
y: 1350
z: 1820
packet num: 54
x: 100
y: 2137
z: 2258
packet num: 55
x: 1426
y: 1939
z: 1988
packet num: 56
x: 1824
y: 1559
z: 1775
packet num: 57
x: 1793
y: 1779
z: 1988
packet num: 58
x: 1543
y: 1778
z: 1622
packet num: 59
x: 1653
y: 1710
z: 1475
packet num: 60
x: 1427
y: 2333
z: 1940
packet num: 61
x: 1473
y: 2399
z: 1595
packet num: 62
x: 1661
y: 1585
z: 1590
packet num: 63
x: 1624
y: 1730
z: 1619
packet num: 64
x: 1555
y: 1916
z: 1726
packet num: 65
x: 1523
y: 1900
z: 1779
packet num: 66
x: 1523
y: 2091
z: 1803
packet num: 67
x: 1542
y: 1814
z: 1681
packet num: 68
x: 1347
y: 1789
z: 1965
packet num: 69
x: 1498
y: 1816
z: 1773
packet num: 70
x: 1491
y: 1846
z: 1836
packet num: 71
x: 1526
y: 1858
z: 1607
packet num: 72
x: 1433
y: 1859
z: 1707
packet num: 73
x: 1438
y: 1875
z: 1716
packet num: 74
x: 1467
y: 1914
z: 1689
packet num: 75
x: 1603
y: 1913
z: 1619
packet num: 76
x: 1536
y: 2098
z: 1636
packet num: 77
x: 1538
y: 1939
z: 1646
packet num: 78
x: 1535
y: 1935
z: 1687
packet num: 79
x: 1483
y: 1909
z: 1625
packet num: 80
x: 1511
y: 1931
z: 1787
packet num: 81
x: 1861
y: 1715
z: 1542
packet num: 82
x: 1685
y: 1830
z: 1627
packet num: 83
x: 1463
y: 2017
z: 1652
packet num: 84
x: 1599
y: 1920
z: 1625
packet num: 85
x: 1551
y: 1915
z: 1636
packet num: 86
x: 1576
y: 1962
z: 1643
packet num: 87
x: 1543
y: 1919
z: 1623
packet num: 88
x: 1612
y: 1886
z: 1669
packet num: 89
x: 1288
y: 2134
z: 1706
packet num: 90
x: 1592
y: 2092
z: 879
packet num: 91
x: 1535
y: 2865
z: -14690
packet num: 92
x: 1447
y: 1963
z: 1754
packet num: 93
x: 1862
y: 1717
z: 1592
packet num: 94
x: 1494
y: 1888
z: 1821
packet num: 95
x: 1380
y: 2062
z: 1795
packet num: 96
x: 1418
y: 2137
z: 1800
packet num: 97
x: 1399
y: 1630
z: 1723
packet num: 98
x: 996
y: 2544
z: 1514
packet num: 99
x: 1598
y: 2151
z: 1830
packet num: 100
x: 1706
y: 1748
z: 1701
packet num: 101
x: 1777
y: 1885
z: 1722
packet num: 102
x: 1713
y: 2005
z: 1865
packet num: 103
x: 1494
y: 1665
z: 1663
packet num: 104
x: 1588
y: 1927
z: 1691
packet num: 105
x: 1218
y: 2311
z: 1504
packet num: 106
x: 1490
y: 1904
z: 1639
packet num: 107
x: 1533
y: 1915
z: 1624
packet num: 108
x: 1443
y: 1934
z: 1634
packet num: 109
x: 1463
y: 1745
z: 1919
packet num: 110
x: 1592
y: 2215
z: 1632
packet num: 111
x: 1391
y: 2014
z: 1603
packet num: 112
x: 1611
y: 1947
z: 1721
packet num: 113
x: 1276
y: 2087
z: 1688
packet num: 114
x: 1533
y: 1844
z: 1630
packet num: 115
x: 1537
y: 1854
z: 1709
packet num: 116
x: 1639
y: 1992
z: 1629
packet num: 117
x: 1545
y: 1933
z: 1607
packet num: 118
x: 1587
y: 1932
z: 1642
packet num: 119
x: 1540
y: 1973
z: 1683
packet num: 120
x: 1543
y: 1816
z: 1680
packet num: 121
x: 1453
y: 1807
z: 1625
packet num: 122
x: 1608
y: 1903
z: 1695
packet num: 123
x: 1581
y: 1877
z: 1600
packet num: 124
x: 1548
y: 2181
z: 1627
packet num: 125
x: 1417
y: 1973
z: 1744
packet num: 126
x: 1479
y: 1883
z: 1621
packet num: 127
x: 1478
y: 1894
z: 1627
packet num: 128
x: 1592
y: 1875
z: 1623
packet num: 129
x: 1570
y: 1923
z: 1525
packet num: 130
x: 1639
y: 1774
z: 1533
packet num: 131
x: 1581
y: 1869
z: 1432
packet num: 132
x: 1592
y: 1888
z: 1525
packet num: 133
x: 1611
y: 1861
z: 1533
packet num: 134
x: 1514
y: 1908
z: 1587
packet num: 135
x: 1587
y: 1917
z: 1584
packet num: 136
x: 1503
y: 1936
z: 1627
packet num: 137
x: 1434
y: 1913
z: 1672
packet num: 138
x: 1448
y: 1909
z: 1696
packet num: 139
x: 1636
y: 1966
z: 1713
packet num: 140
x: 1488
y: 1833
z: 1873
packet num: 141
x: 1408
y: 1778
z: 1804
packet num: 142
x: 1477
y: 1836
z: 1924
packet num: 143
x: 1505
y: 1834
z: 1816
packet num: 144
x: 1432
y: 1793
z: 1856
packet num: 145
x: 1526
y: 1831
z: 1844
packet num: 146
x: 1567
y: 2090
z: 1569
packet num: 147
x: 1544
y: 1929
z: 1677
packet num: 148
x: 1553
y: 1893
z: 1598
packet num: 149
x: 1533
y: 1921
z: 1584
packet num: 150
x: 1535
y: 2043
z: 1647
packet num: 151
x: 1456
y: 1922
z: 1676
packet num: 152
x: 1536
y: 1931
z: 1605
packet num: 153
x: 1515
y: 1958
z: 1589
packet num: 154
x: 1512
y: 1960
z: 1629
packet num: 155
x: 1541
y: 1937
z: 1606
packet num: 156
x: 1549
y: 1894
z: 1645
packet num: 157
x: 1532
y: 1882
z: 1631
packet num: 157
x: 1532
y: 1882
z: 1631
packet num: 157
x: 1532
y: 1882
z: 1631
packet num: 159
x: 1559
y: 1886
z: 1618
packet num: 160
x: 1528
y: 1899
z: 1651
packet num: 161
x: 1524
y: 1925
z: 1641
packet num: 162
x: 1545
y: 1892
z: 1630
packet num: 163
x: 1563
y: 1916
z: 1616
packet num: 164
x: 1546
y: 1910
z: 1586
packet num: 165
x: 1584
y: 1886
z: 1605
packet num: 166
x: 1555
y: 1848
z: 1629
packet num: 167
x: 1535
y: 1885
z: 1610
packet num: 168
x: 1556
y: 1900
z: 1636
packet num: 169
x: 1555
y: 1923
z: 1593
packet num: 170
x: 1564
y: 1916
z: 1566
packet num: 171
x: 1532
y: 1942
z: 1595
packet num: 172
x: 1563
y: 1899
z: 1582
packet num: 173
x: 1535
y: 1921
z: 1562
packet num: 174
x: 1530
y: 1911
z: 1553
packet num: 175
x: 1563
y: 1898
z: 1609
packet num: 176
x: 1555
y: 1892
z: 1605
packet num: 177
x: 1479
y: 1916
z: 1542
packet num: 178
x: 1544
y: 1915
z: 1615
packet num: 179
x: 1507
y: 1853
z: 1652
packet num: 180
x: 1561
y: 1940
z: 1636
packet num: 181
x: 1542
y: 1893
z: 1632
packet num: 182
x: 1508
y: 1916
z: 1571
packet num: 183
x: 1500
y: 1951
z: 1534
packet num: 184
x: 1508
y: 1790
z: 1584
packet num: 185
x: 1541
y: 1934
z: 1610
packet num: 186
x: 1535
y: 1935
z: 1690
packet num: 187
x: 1551
y: 1952
z: 1627
packet num: 188
x: 1511
y: 1906
z: 1594
packet num: 189
x: 1522
y: 1876
z: 1649
packet num: 190
x: 1655
y: 1839
z: 1487
packet num: 191
x: 1570
y: 1967
z: 1583
packet num: 192
x: 1493
y: 1872
z: 1555
packet num: 193
x: 1641
y: 1925
z: 1552
packet num: 194
x: 1534
y: 1894
z: 1552
packet num: 195
x: 1531
y: 1868
z: 1551
packet num: 196
x: 1570
y: 1918
z: 1583
packet num: 197
x: 1514
y: 1889
z: 1589
packet num: 198
x: 1522
y: 1856
z: 1629
packet num: 199
x: 1535
y: 1964
z: 1567
packet num: 200
x: 1545
y: 1919
z: 1535
packet num: 201
x: 1530
y: 1910
z: 1551
packet num: 202
x: 1576
y: 1870
z: 1590
packet num: 203
x: 1525
y: 1940
z: 1543
packet num: 204
x: 1512
y: 1832
z: 1675
packet num: 205
x: 1463
y: 1841
z: 1662
packet num: 206
x: 1465
y: 1892
z: 1602
packet num: 207
x: 1509
y: 1933
z: 1608
packet num: 208
x: 1669
y: 2018
z: 1654
packet num: 209
x: 1595
y: 1873
z: 1517
packet num: 210
x: 1533
y: 1886
z: 1704
packet num: 211
x: 1508
y: 1896
z: 1679
packet num: 212
x: 1511
y: 1907
z: 1655
packet num: 213
x: 1420
y: 1849
z: 1602
packet num: 214
x: 1544
y: 1908
z: 1702
packet num: 215
x: 1583
y: 1903
z: 1587
packet num: 216
x: 1554
y: 1923
z: 1731
packet num: 217
x: 1721
y: 1654
z: 1370
packet num: 218
x: 1534
y: 1982
z: 1993
packet num: 219
x: 1625
y: 1782
z: 1763
packet num: 220
x: 1568
y: 1873
z: 1353
packet num: 221
x: 1790
y: 1926
z: 1752
packet num: 222
x: 1533
y: 1981
z: 1952
packet num: 223
x: 1374
y: 1996
z: 1481
packet num: 224
x: 1578
y: 1874
z: 1646
packet num: 225
x: 1479
y: 1914
z: 1575
packet num: 226
x: 1547
y: 1938
z: 1537
packet num: 227
x: 1520
y: 1945
z: 1578
packet num: 228
x: 1561
y: 1841
z: 1580
packet num: 229
x: 2400
y: 2730
z: 429
packet num: 230
x: 1115
y: 1923
z: 2094
packet num: 231
x: 1585
y: 1802
z: 1565
packet num: 232
x: 1697
y: 1967
z: 1932
packet num: 233
x: 1394
y: 2073
z: 1711
packet num: 234
x: 1523
y: 1712
z: 1671
packet num: 235
x: 1651
y: 2185
z: 1489
packet num: 236
x: 1483
y: 1948
z: 1662
packet num: 237
x: 1655
y: 2122
z: 1531
packet num: 238
x: 1676
y: 2051
z: 1674
packet num: 239
x: 1804
y: 1616
z: 1610
packet num: 240
x: 1507
y: 1903
z: 1654
packet num: 241
x: 1519
y: 1973
z: 1722
packet num: 242
x: 1591
y: 1905
z: 1631
packet num: 243
x: 1421
y: 1902
z: 1716
packet num: 244
x: 1546
y: 1973
z: 1783
packet num: 245
x: 1455
y: 1700
z: 1843
packet num: 246
x: 1495
y: 1787
z: 1729
packet num: 247
x: 1660
y: 2058
z: 1610
packet num: 248
x: 1467
y: 1934
z: 1615
packet num: 249
x: 1511
y: 1868
z: 1655
packet num: 250
x: 1537
y: 1880
z: 1614
packet num: 251
x: 1545
y: 1966
z: 1561
packet num: 252
x: 1526
y: 1770
z: 1618
packet num: 253
x: 1252
y: 2022
z: 1601
packet num: 254
x: 414
y: 2486
z: 1515
packet num: 255
x: 2011
y: 1926
z: 1331
packet num: 0
x: 1407
y: 1594
z: 1779
packet num: 1
x: 1684
y: 1747
z: 1697
packet num: 2
x: 1670
y: 1913
z: 1696
packet num: 3
x: 1585
y: 1550
z: 1799
packet num: 4
x: 1477
y: 1988
z: 1813
packet num: 4
x: 1477
y: 1988
z: 1813
packet num: 6
x: 1875
y: 1734
z: 1692
packet num: 14
x: 531
y: 2398
z: 585
packet num: 8
x: 1640
y: 1756
z: 1827
packet num: 9
x: 1489
y: 1930
z: 1604
packet num: 10
x: 1613
y: 1655
z: 1567
packet num: 11
x: 1615
y: 1536
z: 1774
packet num: 0
x: 1444
y: 1885
z: 1516
packet num: 1
x: 1767
y: 1692
z: 1574
packet num: 2
x: 1547
y: 1856
z: 1715
packet num: 3
x: 1469
y: 1850
z: 1530
packet num: 4
x: 1511
y: 1849
z: 1602
packet num: 5
x: 1573
y: 1933
z: 1632
packet num: 6
x: 1550
y: 1931
z: 1591
packet num: 7
x: 1529
y: 1871
z: 1472
packet num: 8
x: 1535
y: 1909
z: 1444
packet num: 0
x: 1856
y: 1849
z: 1494
packet num: 1
x: 1704
y: 1879
z: 1435
packet num: 2
x: 1761
y: 1805
z: 1529
packet num: 3
x: 1778
y: 1857
z: 1471
packet num: 4
x: 1746
y: 1877
z: 1542
packet num: 5
x: 1754
y: 1905
z: 1663
packet num: 6
x: 1905
y: 1913
z: 1820
packet num: 7
x: 2154
y: 1847
z: 1750
packet num: 8
x: 1060
y: 1766
z: 1813
packet num: 9
x: 1504
y: 1315
z: 1894
packet num: 10
x: 1879
y: 2028
z: 1076
packet num: 11
x: 1722
y: 1874
z: 1229
packet num: 12
x: 1615
y: 1915
z: 1624
packet num: 13
x: 1612
y: 1812
z: 1800
packet num: 14
x: 1339
y: 2043
z: 1679
packet num: 15
x: 1731
y: 2328
z: 1957
packet num: 16
x: 1871
y: 1709
z: 1704
packet num: 17
x: 1724
y: 2269
z: 2081
packet num: 18
x: 1393
y: 2105
z: 1777
packet num: 19
x: 1617
y: 1931
z: 1690
packet num: 20
x: 1762
y: 1943
z: 1662
packet num: 21
x: 1695
y: 1671
z: 1772
packet num: 22
x: 1567
y: 1801
z: 1631
packet num: 23
x: 1837
y: 1847
z: 1681
packet num: 24
x: 1605
y: 1916
z: 1618
packet num: 25
x: 1530
y: 1909
z: 1705
packet num: 26
x: 1464
y: 1825
z: 1747
packet num: 27
x: 1601
y: 1944
z: 1636
packet num: 28
x: 1527
y: 2282
z: 1834
packet num: 29
x: 1917
y: 1790
z: 1803
packet num: 30
x: 1414
y: 2046
z: 1985
packet num: 31
x: 1584
y: 1878
z: 1694
packet num: 32
x: 1577
y: 1920
z: 1669
packet num: 33
x: 1620
y: 1934
z: 1693
packet num: 34
x: 1588
y: 1920
z: 1619
packet num: 35
x: 1358
y: 2289
z: 1787
packet num: 36
x: 778
y: 2923
z: 2068
packet num: 37
x: 1213
y: 2169
z: 1772
packet num: 38
x: 1710
y: 2241
z: 1654
packet num: 39
x: 1589
y: 2025
z: 1652
packet num: 40
x: 1572
y: 2050
z: 1805
packet num: 41
x: 1819
y: 2026
z: 1144
packet num: 42
x: 1643
y: 1773
z: 1761
packet num: 43
x: 1603
y: 1805
z: 1631
packet num: 44
x: 1290
y: 2106
z: 1660
packet num: 45
x: 1664
y: 1892
z: 1515
packet num: 46
x: 1583
y: 1929
z: 1652
packet num: 47
x: 183
y: 2645
z: 1475
packet num: 48
x: 296
y: 2949
z: 1499
packet num: 49
x: 1534
y: 1790
z: 1723
packet num: 50
x: 1543
y: 1516
z: 2067
packet num: 51
x: 1413
y: 2280
z: 1677
packet num: 52
x: 1591
y: 2092
z: 1915
packet num: 53
x: 1682
y: 1873
z: 1532
packet num: 54
x: 1541
y: 1641
z: 1578
packet num: 55
x: 1505
y: 1898
z: 1674
packet num: 56
x: 1772
y: 1739
z: 1678
packet num: 57
x: 1711
y: 2126
z: 1689
packet num: 58
x: 1660
y: 1919
z: 1644
packet num: 59
x: 1569
y: 1912
z: 1675
packet num: 60
x: 1602
y: 1900
z: 1625
packet num: 61
x: 1544
y: 1906
z: 1591
packet num: 62
x: 885
y: 1590
z: 1617
packet num: 63
x: 1643
y: 1900
z: 1675
packet num: 64
x: 1436
y: 2185
z: 1861
packet num: 65
x: 1882
y: 1645
z: 1730
packet num: 66
x: 1393
y: 2187
z: 1806
packet num: 67
x: 1594
y: 1813
z: 1661
packet num: 68
x: 1438
y: 2096
z: 1751
packet num: 69
x: 1645
y: 1949
z: 1598
packet num: 70
x: 1558
y: 1963
z: 1610
packet num: 71
x: 1561
y: 1883
z: 1602
packet num: 72
x: 1599
y: 1864
z: 1437
packet num: 73
x: 1542
y: 1914
z: 1551
packet num: 74
x: 1535
y: 1957
z: 1614
packet num: 75
x: 1507
y: 1947
z: 1535
packet num: 76
x: 1598
y: 1938
z: 1532
packet num: 77
x: 1555
y: 1946
z: 1644
packet num: 78
x: 1544
y: 1941
z: 1523
packet num: 79
x: 1634
y: 1867
z: 1639
packet num: 80
x: 1503
y: 1938
z: 1643
packet num: 81
x: 1610
y: 1946
z: 1607
packet num: 82
x: 1531
y: 1940
z: 1630
packet num: 83
x: 1503
y: 1875
z: 1643
packet num: 84
x: 1501
y: 1857
z: 1584
packet num: 85
x: 1515
y: 1883
z: 1635
packet num: 86
x: 1584
y: 1920
z: 1595
packet num: 87
x: 1526
y: 1932
z: 1517
packet num: 88
x: 1569
y: 1868
z: 1630
packet num: 89
x: 1596
y: 1896
z: 1566
packet num: 90
x: 1583
y: 1888
z: 1563
packet num: 91
x: 1538
y: 1867
z: 1591
packet num: 92
x: 1584
y: 1935
z: 1583
packet num: 93
x: 1584
y: 2005
z: 1614
packet num: 94
x: 1604
y: 1963
z: 1603
packet num: 95
x: 1617
y: 1910
z: 1629
packet num: 96
x: 1491
y: 1909
z: 1663
packet num: 97
x: 1483
y: 1829
z: 1624
packet num: 98
x: 1494
y: 1856
z: 1623
packet num: 99
x: 1547
y: 1841
z: 1626
packet num: 100
x: 1592
y: 2012
z: 1605
packet num: 101
x: 1488
y: 1908
z: 1574
packet num: 102
x: 1493
y: 1832
z: 1578
packet num: 103
x: 1543
y: 1862
z: 1653
packet num: 104
x: 1492
y: 1816
z: 1665
packet num: 105
x: 1660
y: 1900
z: 1780
packet num: 106
x: 1647
y: 1934
z: 1762
packet num: 107
x: 1656
y: 1972
z: 1595
packet num: 108
x: 1534
y: 1854
z: 1580
packet num: 109
x: 1562
y: 1881
z: 1604
packet num: 110
x: 1413
y: 2136
z: 1674
packet num: 111
x: 1556
y: 2016
z: 1226
packet num: 112
x: 2330
y: 3034
z: 2419
packet num: 113
x: 1679
y: 2205
z: 1275
packet num: 114
x: 1633
y: 2206
z: 1813
packet num: 115
x: 1332
y: 1829
z: 1583
packet num: 116
x: 1559
y: 1707
z: 1660
packet num: 117
x: 1530
y: 2882
z: 923
packet num: 118
x: 1760
y: 1954
z: 1725
packet num: 119
x: 1814
y: 1633
z: 1759
packet num: 120
x: 1478
y: 2186
z: 1865
packet num: 121
x: 1563
y: 1782
z: 1658
packet num: 122
x: 1468
y: 1876
z: 1322
packet num: 123
x: 1677
y: 1690
z: 1550
packet num: 124
x: 1327
y: 2094
z: 1739
packet num: 125
x: 1894
y: 1628
z: 1535
packet num: 126
x: 1627
y: 2073
z: 1849
packet num: 127
x: 1387
y: 2217
z: 1698
packet num: 128
x: 1793
y: 1773
z: 1702
packet num: 129
x: 404
y: 2568
z: 1741
packet num: 130
x: 1292
y: 2122
z: 1718
packet num: 131
x: 1540
y: 1807
z: 1791
packet num: 132
x: 1566
y: 1912
z: 1655
packet num: 133
x: 1531
y: 1869
z: 1611
packet num: 134
x: 1593
y: 1915
z: 1541
packet num: 134
x: 1593
y: 1915
z: 1541
packet num: 136
x: 1287
y: 1438
z: 1775
packet num: 136
x: 1287
y: 1438
z: 1775
packet num: 138
x: 1510
y: 1767
z: 1851
packet num: 139
x: 1606
y: 2077
z: 1963
packet num: 140
x: 1766
y: 1713
z: 1696
packet num: 141
x: 1952
y: 1726
z: 1775
packet num: 142
x: 1794
y: 1815
z: 1816
packet num: 143
x: 1413
y: 2136
z: 1661
packet num: 144
x: 1776
y: 1690
z: 1644
packet num: 145
x: 1450
y: 2149
z: 1826
packet num: 146
x: 1462
y: 1877
z: 1625
packet num: 147
x: 1548
y: 1836
z: 1653
packet num: 149
x: 1608
y: 1842
z: 1586
packet num: 150
x: 1373
y: 1906
z: 3595
packet num: 151
x: 1577
y: 905
z: 1624
packet num: 152
x: 1538
y: 1941
z: 1542
packet num: 153
x: 1561
y: 1848
z: 1458
packet num: 154
x: 1561
y: 1914
z: 1523
packet num: 0
x: 1826
y: 1874
z: 1667
packet num: 0
x: 1795
y: 1898
z: 1895
packet num: 0
x: 1795
y: 1898
z: 1895
packet num: 0
x: 1795
y: 1898
z: 1895
packet num: 4
x: 1617
y: -30915
z: 1582
packet num: 5
x: 1613
y: 1857
z: 1652
packet num: 6
x: 1417
y: 2101
z: 1585
packet num: 7
x: 1413
y: 1967
z: 1557
packet num: 13
x: 1487
y: 1883
z: 1543
packet num: 9
x: 1796
y: 2021
z: 1844
packet num: 11
x: 1314
y: 1844
z: 1910
packet num: 12
x: 1253
y: 1897
z: 1637
packet num: 12
x: 1253
y: 1897
z: 1637
packet num: 12
x: 1253
y: 1897
z: 1637
packet num: 15
x: 1777
y: 1842
z: 1627
packet num: 16
x: 1397
y: 2214
z: 870
packet num: 16
x: 1397
y: 2214
z: 870
packet num: 16
x: 1397
y: 2214
z: 870
packet num: 16
x: 1397
y: 2214
z: 870
